Watching for file changes with StatReloader
Performing system checks...

System check identified no issues (0 silenced).
C:\Users\Administrator\AppData\Local\Programs\Python\Python312\Lib\site-packages\django\core\handlers\base.py:61: UserWarning: No directory at: C:\Users\Administrator\Desktop\Bet-Bot\betting_bot\staticfiles\
  mw_instance = middleware(adapted_handler)
March 24, 2026 - 22:30:29
Django version 4.2.7, using settings 'betting_bot.settings'
Starting development server at http://127.0.0.1:8001/
Quit the server with CTRL-BREAK.

C:\Users\Administrator\Desktop\Bet-Bot\betting_bot\betting_bot\urls.py changed, reloading.
Watching for file changes with StatReloader
Performing system checks...

System check identified no issues (0 silenced).
C:\Users\Administrator\AppData\Local\Programs\Python\Python312\Lib\site-packages\django\core\handlers\base.py:61: UserWarning: No directory at: C:\Users\Administrator\Desktop\Bet-Bot\betting_bot\staticfiles\
  mw_instance = middleware(adapted_handler)
March 24, 2026 - 22:37:29
Django version 4.2.7, using settings 'betting_bot.settings'
Starting development server at http://127.0.0.1:8001/
Quit the server with CTRL-BREAK.

C:\Users\Administrator\Desktop\Bet-Bot\betting_bot\landing\urls.py changed, reloading.
Watching for file changes with StatReloader
Performing system checks...

System check identified no issues (0 silenced).
C:\Users\Administrator\AppData\Local\Programs\Python\Python312\Lib\site-packages\django\core\handlers\base.py:61: UserWarning: No directory at: C:\Users\Administrator\Desktop\Bet-Bot\betting_bot\staticfiles\
  mw_instance = middleware(adapted_handler)
March 24, 2026 - 22:37:34
Django version 4.2.7, using settings 'betting_bot.settings'
Starting development server at http://127.0.0.1:8001/
Quit the server with CTRL-BREAK.

C:\Users\Administrator\Desktop\Bet-Bot\betting_bot\payments\views.py changed, reloading.
Watching for file changes with StatReloader
Performing system checks...

System check identified no issues (0 silenced).
C:\Users\Administrator\AppData\Local\Programs\Python\Python312\Lib\site-packages\django\core\handlers\base.py:61: UserWarning: No directory at: C:\Users\Administrator\Desktop\Bet-Bot\betting_bot\staticfiles\
  mw_instance = middleware(adapted_handler)
March 24, 2026 - 22:37:52
Django version 4.2.7, using settings 'betting_bot.settings'
Starting development server at http://127.0.0.1:8001/
Quit the server with CTRL-BREAK.

C:\Users\Administrator\Desktop\Bet-Bot\betting_bot\landing\views.py changed, reloading.
Watching for file changes with StatReloader
Performing system checks...

Exception in thread django-main-thread:
Traceback (most recent call last):
  File "C:\Users\Administrator\AppData\Local\Programs\Python\Python312\Lib\threading.py", line 1073, in _bootstrap_inner
    self.run()
  File "C:\Users\Administrator\AppData\Local\Programs\Python\Python312\Lib\threading.py", line 1010, in run
    self._target(*self._args, **self._kwargs)
  File "C:\Users\Administrator\AppData\Local\Programs\Python\Python312\Lib\site-packages\django\utils\autoreload.py", line 64, in wrapper
    fn(*args, **kwargs)
  File "C:\Users\Administrator\AppData\Local\Programs\Python\Python312\Lib\site-packages\django\core\management\commands\runserver.py", line 133, in inner_run
    self.check(display_num_errors=True)
  File "C:\Users\Administrator\AppData\Local\Programs\Python\Python312\Lib\site-packages\django\core\management\base.py", line 485, in check
    all_issues = checks.run_checks(
                 ^^^^^^^^^^^^^^^^^^
  File "C:\Users\Administrator\AppData\Local\Programs\Python\Python312\Lib\site-packages\django\core\checks\registry.py", line 88, in run_checks
    new_errors = check(app_configs=app_configs, databases=databases)
                 ^^^^^^^^^^^^^^^^^^^^^^^^^^^^^^^^^^^^^^^^^^^^^^^^^^^
  File "C:\Users\Administrator\AppData\Local\Programs\Python\Python312\Lib\site-packages\django\core\checks\urls.py", line 14, in check_url_config
    return check_resolver(resolver)
           ^^^^^^^^^^^^^^^^^^^^^^^^
  File "C:\Users\Administrator\AppData\Local\Programs\Python\Python312\Lib\site-packages\django\core\checks\urls.py", line 24, in check_resolver
    return check_method()
           ^^^^^^^^^^^^^^
  File "C:\Users\Administrator\AppData\Local\Programs\Python\Python312\Lib\site-packages\django\urls\resolvers.py", line 494, in check
    for pattern in self.url_patterns:
                   ^^^^^^^^^^^^^^^^^
  File "C:\Users\Administrator\AppData\Local\Programs\Python\Python312\Lib\site-packages\django\utils\functional.py", line 57, in __get__
    res = instance.__dict__[self.name] = self.func(instance)
                                         ^^^^^^^^^^^^^^^^^^^
  File "C:\Users\Administrator\AppData\Local\Programs\Python\Python312\Lib\site-packages\django\urls\resolvers.py", line 715, in url_patterns
    patterns = getattr(self.urlconf_module, "urlpatterns", self.urlconf_module)
                       ^^^^^^^^^^^^^^^^^^^
  File "C:\Users\Administrator\AppData\Local\Programs\Python\Python312\Lib\site-packages\django\utils\functional.py", line 57, in __get__
    res = instance.__dict__[self.name] = self.func(instance)
                                         ^^^^^^^^^^^^^^^^^^^
  File "C:\Users\Administrator\AppData\Local\Programs\Python\Python312\Lib\site-packages\django\urls\resolvers.py", line 708, in urlconf_module
    return import_module(self.urlconf_name)
           ^^^^^^^^^^^^^^^^^^^^^^^^^^^^^^^^
  File "C:\Users\Administrator\AppData\Local\Programs\Python\Python312\Lib\importlib\__init__.py", line 90, in import_module
    return _bootstrap._gcd_import(name[level:], package, level)
           ^^^^^^^^^^^^^^^^^^^^^^^^^^^^^^^^^^^^^^^^^^^^^^^^^^^^
  File "<frozen importlib._bootstrap>", line 1387, in _gcd_import
  File "<frozen importlib._bootstrap>", line 1360, in _find_and_load
  File "<frozen importlib._bootstrap>", line 1331, in _find_and_load_unlocked
  File "<frozen importlib._bootstrap>", line 935, in _load_unlocked
  File "<frozen importlib._bootstrap_external>", line 995, in exec_module
  File "<frozen importlib._bootstrap>", line 488, in _call_with_frames_removed
  File "c:\Users\Administrator\Desktop\Bet-Bot\betting_bot\betting_bot\urls.py", line 26, in <module>
    path("", include("landing.urls")),
             ^^^^^^^^^^^^^^^^^^^^^^^
  File "C:\Users\Administrator\AppData\Local\Programs\Python\Python312\Lib\site-packages\django\urls\conf.py", line 38, in include
    urlconf_module = import_module(urlconf_module)
                     ^^^^^^^^^^^^^^^^^^^^^^^^^^^^^
  File "C:\Users\Administrator\AppData\Local\Programs\Python\Python312\Lib\importlib\__init__.py", line 90, in import_module
    return _bootstrap._gcd_import(name[level:], package, level)
           ^^^^^^^^^^^^^^^^^^^^^^^^^^^^^^^^^^^^^^^^^^^^^^^^^^^^
  File "<frozen importlib._bootstrap>", line 1387, in _gcd_import
  File "<frozen importlib._bootstrap>", line 1360, in _find_and_load
  File "<frozen importlib._bootstrap>", line 1331, in _find_and_load_unlocked
  File "<frozen importlib._bootstrap>", line 935, in _load_unlocked
  File "<frozen importlib._bootstrap_external>", line 995, in exec_module
  File "<frozen importlib._bootstrap>", line 488, in _call_with_frames_removed
  File "c:\Users\Administrator\Desktop\Bet-Bot\betting_bot\landing\urls.py", line 2, in <module>
    from .views import index, categories_api
ImportError: cannot import name 'categories_api' from 'landing.views' (c:\Users\Administrator\Desktop\Bet-Bot\betting_bot\landing\views.py)
C:\Users\Administrator\Desktop\Bet-Bot\betting_bot\landing\urls.py changed, reloading.
Watching for file changes with StatReloader
Performing system checks...

System check identified no issues (0 silenced).
C:\Users\Administrator\AppData\Local\Programs\Python\Python312\Lib\site-packages\django\core\handlers\base.py:61: UserWarning: No directory at: C:\Users\Administrator\Desktop\Bet-Bot\betting_bot\staticfiles\
  mw_instance = middleware(adapted_handler)
March 24, 2026 - 22:42:16
Django version 4.2.7, using settings 'betting_bot.settings'
Starting development server at http://127.0.0.1:8001/
Quit the server with CTRL-BREAK.

C:\Users\Administrator\Desktop\Bet-Bot\betting_bot\betting_bot\settings.py changed, reloading.
Watching for file changes with StatReloader
Performing system checks...

System check identified no issues (0 silenced).
C:\Users\Administrator\AppData\Local\Programs\Python\Python312\Lib\site-packages\django\core\handlers\base.py:61: UserWarning: No directory at: C:\Users\Administrator\Desktop\Bet-Bot\betting_bot\staticfiles\
  mw_instance = middleware(adapted_handler)
March 24, 2026 - 22:45:18
Django version 4.2.7, using settings 'betting_bot.settings'
Starting development server at http://127.0.0.1:8001/
Quit the server with CTRL-BREAK.

C:\Users\Administrator\Desktop\Bet-Bot\betting_bot\payments\models.py changed, reloading.
Watching for file changes with StatReloader
Performing system checks...

Exception in thread django-main-thread:
Traceback (most recent call last):
  File "C:\Users\Administrator\AppData\Local\Programs\Python\Python312\Lib\threading.py", line 1073, in _bootstrap_inner
    self.run()
  File "C:\Users\Administrator\AppData\Local\Programs\Python\Python312\Lib\threading.py", line 1010, in run
    self._target(*self._args, **self._kwargs)
  File "C:\Users\Administrator\AppData\Local\Programs\Python\Python312\Lib\site-packages\django\utils\autoreload.py", line 64, in wrapper
    fn(*args, **kwargs)
  File "C:\Users\Administrator\AppData\Local\Programs\Python\Python312\Lib\site-packages\django\core\management\commands\runserver.py", line 133, in inner_run
    self.check(display_num_errors=True)
  File "C:\Users\Administrator\AppData\Local\Programs\Python\Python312\Lib\site-packages\django\core\management\base.py", line 556, in check
    raise SystemCheckError(msg)
django.core.management.base.SystemCheckError: SystemCheckError: System check identified some issues:

ERRORS:
<class 'payments.admin.SMSConfigAdmin'>: (admin.E108) The value of 'list_display[1]' refers to 'sender_id', which is not a callable, an attribute of 'SMSConfigAdmin', or an attribute or method on 'payments.SMSConfig'.

System check identified 1 issue (0 silenced).
C:\Users\Administrator\Desktop\Bet-Bot\betting_bot\payments\admin.py changed, reloading.
Watching for file changes with StatReloader
Performing system checks...

System check identified no issues (0 silenced).
C:\Users\Administrator\AppData\Local\Programs\Python\Python312\Lib\site-packages\django\core\handlers\base.py:61: UserWarning: No directory at: C:\Users\Administrator\Desktop\Bet-Bot\betting_bot\staticfiles\
  mw_instance = middleware(adapted_handler)
March 24, 2026 - 22:45:46
Django version 4.2.7, using settings 'betting_bot.settings'
Starting development server at http://127.0.0.1:8001/
Quit the server with CTRL-BREAK.

C:\Users\Administrator\Desktop\Bet-Bot\betting_bot\payments\views.py changed, reloading.
Watching for file changes with StatReloader
Performing system checks...

System check identified no issues (0 silenced).

You have 1 unapplied migration(s). Your project may not work properly until you apply the migrations for app(s): payments.
Run 'python manage.py migrate' to apply them.
C:\Users\Administrator\AppData\Local\Programs\Python\Python312\Lib\site-packages\django\core\handlers\base.py:61: UserWarning: No directory at: C:\Users\Administrator\Desktop\Bet-Bot\betting_bot\staticfiles\
  mw_instance = middleware(adapted_handler)
March 24, 2026 - 22:47:00
Django version 4.2.7, using settings 'betting_bot.settings'
Starting development server at http://127.0.0.1:8001/
Quit the server with CTRL-BREAK.

